<?xml version="1.0" encoding="utf-8"?><testsuites name="pytest tests"><testsuite name="pytest" errors="0" failures="0" skipped="0" tests="39" time="84.316" timestamp="2026-09-01T13:06:24.429571+00:00" hostname="agent-env-beedca71-68f0-444d-9dcd-df5c96d06962"><testcase classname="tests.backend_test.TestHealth" name="test_login_and_me" time="0.637" /><testcase classname="tests.backend_test.TestHealth" name="test_no_mongo_id_leak" time="0.442" /><testcase classname="tests.backend_test.TestTaskCreate" name="test_create_success_and_persist" time="0.555" /><testcase classname="tests.backend_test.TestTaskCreate" name="test_create_overlap_rejected" time="0.545" /><testcase classname="tests.backend_test.TestTaskCreate" name="test_create_after_exam_date_rejected" time="0.228" /><testcase classname="tests.backend_test.TestTaskCreate" name="test_create_unknown_exam_404" time="0.086" /><testcase classname="tests.backend_test.TestTaskCreate" name="test_create_requires_auth" time="0.140" /><testcase classname="tests.backend_test.TestTaskEdit" name="test_patch_all_fields" time="0.690" /><testcase classname="tests.backend_test.TestTaskEdit" name="test_patch_move_date" time="1.110" /><testcase classname="tests.backend_test.TestTaskEdit" name="test_patch_change_exam" time="0.689" /><testcase classname="tests.backend_test.TestTaskEdit" name="test_patch_overlap_rejected" time="0.707" /><testcase classname="tests.backend_test.TestTaskEdit" name="test_patch_after_exam_date_rejected" time="0.544" /><testcase classname="tests.backend_test.TestTaskEdit" name="test_patch_invalid_block_type_422" time="0.497" /><testcase classname="tests.backend_test.TestTaskEdit" name="test_patch_unknown_task_404" time="0.091" /><testcase classname="tests.backend_test.TestTaskDelete" name="test_delete_and_gone" time="0.683" /><testcase classname="tests.backend_test.TestStatusAndProgress" name="test_partial_pct_persist_and_progress[25]" time="0.934" /><testcase classname="tests.backend_test.TestStatusAndProgress" name="test_partial_pct_persist_and_progress[50]" time="0.934" /><testcase classname="tests.backend_test.TestStatusAndProgress" name="test_partial_pct_persist_and_progress[75]" time="0.951" /><testcase classname="tests.backend_test.TestStatusAndProgress" name="test_partial_invalid_pct_falls_back_50" time="0.559" /><testcase classname="tests.backend_test.TestStatusAndProgress" name="test_completato_then_non_completato" time="1.051" /><testcase classname="tests.backend_test.TestStatusAndProgress" name="test_invalid_status_422" time="0.565" /><testcase classname="tests.backend_test.TestStatusAndProgress" name="test_progress_shape" time="0.120" /><testcase classname="tests.backend_test.TestStatusAndProgress" name="test_exam_prep_recomputed_on_status" time="1.245" /><testcase classname="tests.backend_test.TestPlan" name="test_generate_plan_quality" time="12.755" /><testcase classname="tests.backend_test.TestPlan" name="test_generated_plan_no_overlap_with_all_db_tasks" time="0.262" /><testcase classname="tests.backend_test.TestPlan" name="test_daily_hours_cap" time="0.189" /><testcase classname="tests.backend_test.TestPlan" name="test_available_days_respected" time="0.174" /><testcase classname="tests.backend_test.TestPlan" name="test_replan_keeps_completed" time="11.585" /><testcase classname="tests.backend_test.TestPlan" name="test_replan_requires_auth" time="0.250" /><testcase classname="tests.backend_test.TestExamDateShrink" name="test_moving_exam_earlier_drops_late_tasks" time="0.550" /><testcase classname="tests.backend_test.TestAuthIsolation" name="test_user_b_cannot_touch_user_a_task" time="0.890" /><testcase classname="tests.backend_test.TestAuthIsolation" name="test_user_b_cannot_create_on_user_a_exam" time="0.218" /><testcase classname="tests.backend_test.TestAuthIsolation" name="test_user_b_task_list_empty_of_a" time="0.198" /><testcase classname="tests.test_chat_tools.TestChatTools" name="test_plain_chat_reply" time="10.831" /><testcase classname="tests.test_chat_tools.TestChatTools" name="test_clear_day_tool" time="11.128" /><testcase classname="tests.test_chat_tools.TestChatTools" name="test_move_task_tool" time="7.362" /><testcase classname="tests.test_chat_tools.TestChatTools" name="test_mark_partial_tool" time="7.864" /><testcase classname="tests.test_chat_tools.TestChatTools" name="test_chat_history_records_actions" time="0.098" /><testcase classname="tests.test_chat_tools.TestChatTools" name="test_chat_isolation" time="5.924" /></testsuite></testsuites>